<?xml version="1.0" encoding="UTF-8"?>
<!-- Generated by org.testng.reporters.JUnitXMLReporter -->
<testsuite ignored="13" hostname="Vaishnavi6" failures="0" tests="1" name="Default test" time="5.962" errors="0" timestamp="2024-10-03T00:05:19 IST">
  <testcase classname="Api_testing.Dummyjson" name="deletproduct" time="5.798"/>
  <testcase classname="Api_testing.Dummyjson" name="getallproductscategory" time="0.0">
    <ignored/>
  </testcase> <!-- getallproductscategory -->
  <testcase classname="Api_testing.Dummyjson" name="singleproduct" time="0.0">
    <ignored/>
  </testcase> <!-- singleproduct -->
  <testcase classname="Api_testing.Dummyjson" name="loginauth" time="0.0">
    <ignored/>
  </testcase> <!-- loginauth -->
  <testcase classname="Api_testing.Dummyjson" name="searchproduct" time="0.0">
    <ignored/>
  </testcase> <!-- searchproduct -->
  <testcase classname="Api_testing.Dummyjson" name="getproductbycategorylist" time="0.0">
    <ignored/>
  </testcase> <!-- getproductbycategorylist -->
  <testcase classname="Api_testing.Dummyjson" name="sortproducts" time="0.0">
    <ignored/>
  </testcase> <!-- sortproducts -->
  <testcase classname="Api_testing.Dummyjson" name="getproductbycategory" time="0.0">
    <ignored/>
  </testcase> <!-- getproductbycategory -->
  <testcase classname="Api_testing.Dummyjson" name="refrshtoken" time="0.0">
    <ignored/>
  </testcase> <!-- refrshtoken -->
  <testcase classname="Api_testing.Dummyjson" name="currentauthuser" time="0.0">
    <ignored/>
  </testcase> <!-- currentauthuser -->
  <testcase classname="Api_testing.Dummyjson" name="updateproduct" time="0.0">
    <ignored/>
  </testcase> <!-- updateproduct -->
  <testcase classname="Api_testing.Dummyjson" name="getproducts" time="0.0">
    <ignored/>
  </testcase> <!-- getproducts -->
  <testcase classname="Api_testing.Dummyjson" name="limitandskip" time="0.0">
    <ignored/>
  </testcase> <!-- limitandskip -->
  <testcase classname="Api_testing.Dummyjson" name="addproduct" time="0.0">
    <ignored/>
  </testcase> <!-- addproduct -->
</testsuite> <!-- Default test -->
