<?xml version="1.0" encoding="UTF-8"?>
<testng-results ignored="13" total="14" passed="1" failed="0" skipped="0">
  <reporter-output>
  </reporter-output>
  <suite started-at="2024-10-03T00:05:13 IST" name="Default suite" finished-at="2024-10-03T00:05:19 IST" duration-ms="5962">
    <groups>
    </groups>
    <test started-at="2024-10-03T00:05:13 IST" name="Default test" finished-at="2024-10-03T00:05:19 IST" duration-ms="5962">
      <class name="Api_testing.Dummyjson">
        <test-method signature="deletproduct()[pri:0, instance:Api_testing.Dummyjson@13fd2ccd]" started-at="2024-10-03T00:05:13 IST" name="deletproduct" finished-at="2024-10-03T00:05:19 IST" duration-ms="5798" status="PASS">
          <reporter-output>
          </reporter-output>
        </test-method> <!-- deletproduct -->
      </class> <!-- Api_testing.Dummyjson -->
    </test> <!-- Default test -->
  </suite> <!-- Default suite -->
</testng-results>
